{"/home/tiago/Documents/code/challenges/breweries/src/app.ts": {"path":"/home/tiago/Documents/code/challenges/breweries/src/app.ts","statementMap":{"0":{"start":{"line":1,"column":0},"end":{"line":1,"column":30}},"1":{"start":{"line":2,"column":0},"end":{"line":2,"column":28}},"2":{"start":{"line":3,"column":0},"end":{"line":3,"column":60}},"3":{"start":{"line":4,"column":0},"end":{"line":4,"column":59}},"4":{"start":{"line":5,"column":0},"end":{"line":5,"column":67}},"5":{"start":{"line":6,"column":0},"end":{"line":6,"column":59}},"6":{"start":{"line":7,"column":0},"end":{"line":7,"column":43}},"7":{"start":{"line":8,"column":0},"end":{"line":8,"column":20}},"8":{"start":{"line":10,"column":12},"end":{"line":10,"column":21}},"9":{"start":{"line":11,"column":14},"end":{"line":11,"column":30}},"10":{"start":{"line":13,"column":12},"end":{"line":13,"column":61}},"11":{"start":{"line":14,"column":0},"end":{"line":14,"column":45}},"12":{"start":{"line":15,"column":0},"end":{"line":15,"column":24}},"13":{"start":{"line":17,"column":0},"end":{"line":17,"column":61}},"14":{"start":{"line":18,"column":0},"end":{"line":18,"column":52}},"15":{"start":{"line":20,"column":0},"end":{"line":20,"column":15}},"16":{"start":{"line":21,"column":0},"end":{"line":21,"column":18}},"17":{"start":{"line":22,"column":0},"end":{"line":22,"column":25}},"18":{"start":{"line":24,"column":0},"end":{"line":24,"column":19}}},"fnMap":{},"branchMap":{},"s":{"0":1,"1":1,"2":1,"3":1,"4":1,"5":1,"6":1,"7":1,"8":1,"9":1,"10":1,"11":1,"12":1,"13":1,"14":1,"15":1,"16":1,"17":1,"18":1},"f":{},"b":{}}
,"/home/tiago/Documents/code/challenges/breweries/src/config.ts": {"path":"/home/tiago/Documents/code/challenges/breweries/src/config.ts","statementMap":{"0":{"start":{"line":1,"column":12},"end":{"line":1,"column":41}},"1":{"start":{"line":2,"column":20},"end":{"line":7,"column":null}},"2":{"start":{"line":9,"column":21},"end":{"line":14,"column":null}},"3":{"start":{"line":16,"column":21},"end":{"line":21,"column":null}},"4":{"start":{"line":23,"column":42},"end":{"line":27,"column":null}},"5":{"start":{"line":36,"column":0},"end":{"line":36,"column":null}}},"fnMap":{},"branchMap":{"0":{"loc":{"start":{"line":1,"column":12},"end":{"line":1,"column":41}},"type":"binary-expr","locations":[{"start":{"line":1,"column":12},"end":{"line":1,"column":32}},{"start":{"line":1,"column":36},"end":{"line":1,"column":41}}]},"1":{"loc":{"start":{"line":4,"column":14},"end":{"line":4,"column":38}},"type":"binary-expr","locations":[{"start":{"line":4,"column":14},"end":{"line":4,"column":30}},{"start":{"line":4,"column":34},"end":{"line":4,"column":38}}]},"2":{"loc":{"start":{"line":11,"column":14},"end":{"line":11,"column":38}},"type":"binary-expr","locations":[{"start":{"line":11,"column":14},"end":{"line":11,"column":30}},{"start":{"line":11,"column":34},"end":{"line":11,"column":38}}]},"3":{"loc":{"start":{"line":18,"column":14},"end":{"line":18,"column":38}},"type":"binary-expr","locations":[{"start":{"line":18,"column":14},"end":{"line":18,"column":30}},{"start":{"line":18,"column":34},"end":{"line":18,"column":38}}]}},"s":{"0":1,"1":1,"2":1,"3":1,"4":1,"5":1},"f":{},"b":{"0":[1,0],"1":[1,0],"2":[1,0],"3":[1,0]}}
,"/home/tiago/Documents/code/challenges/breweries/src/controllers/controllers.ts": {"path":"/home/tiago/Documents/code/challenges/breweries/src/controllers/controllers.ts","statementMap":{"0":{"start":{"line":2,"column":0},"end":{"line":2,"column":40}},"1":{"start":{"line":3,"column":0},"end":{"line":3,"column":46}},"2":{"start":{"line":4,"column":0},"end":{"line":4,"column":36}},"3":{"start":{"line":5,"column":0},"end":{"line":5,"column":31}},"4":{"start":{"line":6,"column":0},"end":{"line":6,"column":31}},"5":{"start":{"line":7,"column":14},"end":{"line":7,"column":38}},"6":{"start":{"line":10,"column":4},"end":{"line":21,"column":null}},"7":{"start":{"line":11,"column":21},"end":{"line":11,"column":92}},"8":{"start":{"line":12,"column":8},"end":{"line":12,"column":93}},"9":{"start":{"line":12,"column":26},"end":{"line":12,"column":93}},"10":{"start":{"line":13,"column":25},"end":{"line":13,"column":85}},"11":{"start":{"line":14,"column":8},"end":{"line":14,"column":null}},"12":{"start":{"line":14,"column":39},"end":{"line":14,"column":null}},"13":{"start":{"line":15,"column":8},"end":{"line":18,"column":11}},"14":{"start":{"line":16,"column":12},"end":{"line":16,"column":69}},"15":{"start":{"line":16,"column":23},"end":{"line":16,"column":69}},"16":{"start":{"line":17,"column":12},"end":{"line":17,"column":35}},"17":{"start":{"line":20,"column":8},"end":{"line":20,"column":null}},"18":{"start":{"line":9,"column":0},"end":{"line":9,"column":22}},"19":{"start":{"line":25,"column":4},"end":{"line":34,"column":null}},"20":{"start":{"line":26,"column":18},"end":{"line":26,"column":59}},"21":{"start":{"line":27,"column":8},"end":{"line":29,"column":null}},"22":{"start":{"line":28,"column":12},"end":{"line":28,"column":68}},"23":{"start":{"line":30,"column":25},"end":{"line":30,"column":45}},"24":{"start":{"line":31,"column":8},"end":{"line":31,"column":null}},"25":{"start":{"line":33,"column":8},"end":{"line":33,"column":20}},"26":{"start":{"line":24,"column":0},"end":{"line":24,"column":22}}},"fnMap":{"0":{"name":"login","decl":{"start":{"line":9,"column":22},"end":{"line":9,"column":27}},"loc":{"start":{"line":9,"column":75},"end":{"line":22,"column":null}}},"1":{"name":"(anonymous_10)","decl":{"start":{"line":15,"column":49},"end":{"line":15,"column":50}},"loc":{"start":{"line":15,"column":101},"end":{"line":18,"column":9}}},"2":{"name":"breweries","decl":{"start":{"line":24,"column":22},"end":{"line":24,"column":31}},"loc":{"start":{"line":24,"column":79},"end":{"line":35,"column":null}}}},"branchMap":{"0":{"loc":{"start":{"line":12,"column":8},"end":{"line":12,"column":93}},"type":"if","locations":[{"start":{"line":12,"column":8},"end":{"line":12,"column":93}}]},"1":{"loc":{"start":{"line":14,"column":8},"end":{"line":14,"column":null}},"type":"if","locations":[{"start":{"line":14,"column":8},"end":{"line":14,"column":null}}]},"2":{"loc":{"start":{"line":16,"column":12},"end":{"line":16,"column":69}},"type":"if","locations":[{"start":{"line":16,"column":12},"end":{"line":16,"column":69}}]},"3":{"loc":{"start":{"line":27,"column":8},"end":{"line":29,"column":null}},"type":"if","locations":[{"start":{"line":27,"column":8},"end":{"line":29,"column":null}}]}},"s":{"0":1,"1":1,"2":1,"3":1,"4":1,"5":1,"6":3,"7":3,"8":3,"9":1,"10":2,"11":2,"12":1,"13":1,"14":1,"15":0,"16":1,"17":2,"18":1,"19":2,"20":2,"21":2,"22":1,"23":2,"24":2,"25":0,"26":1},"f":{"0":3,"1":1,"2":2},"b":{"0":[1],"1":[1],"2":[0],"3":[1]}}
,"/home/tiago/Documents/code/challenges/breweries/src/database/prisma.ts": {"path":"/home/tiago/Documents/code/challenges/breweries/src/database/prisma.ts","statementMap":{"0":{"start":{"line":1,"column":0},"end":{"line":1,"column":46}},"1":{"start":{"line":2,"column":0},"end":{"line":2,"column":34}}},"fnMap":{},"branchMap":{},"s":{"0":1,"1":1},"f":{},"b":{}}
,"/home/tiago/Documents/code/challenges/breweries/src/errors/ApiError.ts": {"path":"/home/tiago/Documents/code/challenges/breweries/src/errors/ApiError.ts","statementMap":{"0":{"start":{"line":5,"column":8},"end":{"line":5,"column":25}},"1":{"start":{"line":6,"column":8},"end":{"line":6,"column":31}},"2":{"start":{"line":1,"column":0},"end":{"line":1,"column":13}}},"fnMap":{"0":{"name":"(anonymous_0)","decl":{"start":{"line":4,"column":4},"end":{"line":4,"column":16}},"loc":{"start":{"line":4,"column":45},"end":{"line":7,"column":5}}}},"branchMap":{},"s":{"0":6,"1":6,"2":1},"f":{"0":6},"b":{}}
,"/home/tiago/Documents/code/challenges/breweries/src/errors/ApiErrorHandler.ts": {"path":"/home/tiago/Documents/code/challenges/breweries/src/errors/ApiErrorHandler.ts","statementMap":{"0":{"start":{"line":2,"column":0},"end":{"line":2,"column":38}},"1":{"start":{"line":4,"column":4},"end":{"line":6,"column":null}},"2":{"start":{"line":5,"column":8},"end":{"line":5,"column":58}},"3":{"start":{"line":7,"column":4},"end":{"line":7,"column":null}},"4":{"start":{"line":8,"column":4},"end":{"line":8,"column":58}},"5":{"start":{"line":3,"column":0},"end":{"line":3,"column":16}}},"fnMap":{"0":{"name":"apiErrorHandler","decl":{"start":{"line":3,"column":16},"end":{"line":3,"column":31}},"loc":{"start":{"line":3,"column":93},"end":{"line":9,"column":1}}}},"branchMap":{"0":{"loc":{"start":{"line":4,"column":4},"end":{"line":6,"column":null}},"type":"if","locations":[{"start":{"line":4,"column":4},"end":{"line":6,"column":null}}]}},"s":{"0":1,"1":6,"2":6,"3":0,"4":0,"5":1},"f":{"0":6},"b":{"0":[6]}}
,"/home/tiago/Documents/code/challenges/breweries/src/middleware/dto.ts": {"path":"/home/tiago/Documents/code/challenges/breweries/src/middleware/dto.ts","statementMap":{"0":{"start":{"line":2,"column":0},"end":{"line":2,"column":27}},"1":{"start":{"line":3,"column":0},"end":{"line":3,"column":46}},"2":{"start":{"line":5,"column":13},"end":{"line":8,"column":3}},"3":{"start":{"line":11,"column":4},"end":{"line":19,"column":null}},"4":{"start":{"line":11,"column":69},"end":{"line":19,"column":null}},"5":{"start":{"line":12,"column":8},"end":{"line":18,"column":null}},"6":{"start":{"line":13,"column":30},"end":{"line":13,"column":61}},"7":{"start":{"line":14,"column":12},"end":{"line":14,"column":33}},"8":{"start":{"line":15,"column":12},"end":{"line":15,"column":19}},"9":{"start":{"line":17,"column":12},"end":{"line":17,"column":null}},"10":{"start":{"line":10,"column":0},"end":{"line":10,"column":16}}},"fnMap":{"0":{"name":"validateDto","decl":{"start":{"line":10,"column":16},"end":{"line":10,"column":27}},"loc":{"start":{"line":10,"column":49},"end":{"line":20,"column":1}}},"1":{"name":"(anonymous_14)","decl":{"start":{"line":11,"column":11},"end":{"line":11,"column":18}},"loc":{"start":{"line":11,"column":69},"end":{"line":19,"column":null}}},"2":{"name":"(anonymous_15)","decl":{"start":{"line":11,"column":69},"end":{"line":11,"column":null}},"loc":{"start":{"line":11,"column":69},"end":{"line":19,"column":5}}}},"branchMap":{},"s":{"0":1,"1":1,"2":1,"3":1,"4":4,"5":4,"6":4,"7":3,"8":3,"9":1,"10":1},"f":{"0":1,"1":4,"2":4},"b":{}}
,"/home/tiago/Documents/code/challenges/breweries/src/middleware/validateToken.ts": {"path":"/home/tiago/Documents/code/challenges/breweries/src/middleware/validateToken.ts","statementMap":{"0":{"start":{"line":2,"column":0},"end":{"line":2,"column":31}},"1":{"start":{"line":3,"column":0},"end":{"line":3,"column":46}},"2":{"start":{"line":4,"column":0},"end":{"line":4,"column":40}},"3":{"start":{"line":5,"column":0},"end":{"line":5,"column":31}},"4":{"start":{"line":8,"column":4},"end":{"line":27,"column":null}},"5":{"start":{"line":8,"column":69},"end":{"line":27,"column":null}},"6":{"start":{"line":9,"column":8},"end":{"line":26,"column":null}},"7":{"start":{"line":10,"column":26},"end":{"line":10,"column":54}},"8":{"start":{"line":11,"column":12},"end":{"line":11,"column":69}},"9":{"start":{"line":11,"column":24},"end":{"line":11,"column":69}},"10":{"start":{"line":12,"column":12},"end":{"line":23,"column":15}},"11":{"start":{"line":12,"column":81},"end":{"line":23,"column":14}},"12":{"start":{"line":13,"column":16},"end":{"line":22,"column":null}},"13":{"start":{"line":14,"column":20},"end":{"line":14,"column":96}},"14":{"start":{"line":14,"column":55},"end":{"line":14,"column":96}},"15":{"start":{"line":15,"column":33},"end":{"line":17,"column":22}},"16":{"start":{"line":18,"column":20},"end":{"line":18,"column":72}},"17":{"start":{"line":18,"column":31},"end":{"line":18,"column":72}},"18":{"start":{"line":19,"column":20},"end":{"line":19,"column":27}},"19":{"start":{"line":21,"column":20},"end":{"line":21,"column":null}},"20":{"start":{"line":25,"column":12},"end":{"line":25,"column":24}},"21":{"start":{"line":7,"column":0},"end":{"line":7,"column":16}}},"fnMap":{"0":{"name":"validateToken","decl":{"start":{"line":7,"column":16},"end":{"line":7,"column":29}},"loc":{"start":{"line":7,"column":29},"end":{"line":28,"column":1}}},"1":{"name":"(anonymous_9)","decl":{"start":{"line":8,"column":11},"end":{"line":8,"column":18}},"loc":{"start":{"line":8,"column":69},"end":{"line":27,"column":null}}},"2":{"name":"(anonymous_10)","decl":{"start":{"line":8,"column":69},"end":{"line":8,"column":null}},"loc":{"start":{"line":8,"column":69},"end":{"line":27,"column":5}}},"3":{"name":"(anonymous_11)","decl":{"start":{"line":12,"column":56},"end":{"line":12,"column":63}},"loc":{"start":{"line":12,"column":81},"end":{"line":23,"column":14}}},"4":{"name":"(anonymous_12)","decl":{"start":{"line":12,"column":81},"end":{"line":12,"column":null}},"loc":{"start":{"line":12,"column":81},"end":{"line":23,"column":13}}}},"branchMap":{"0":{"loc":{"start":{"line":11,"column":12},"end":{"line":11,"column":69}},"type":"if","locations":[{"start":{"line":11,"column":12},"end":{"line":11,"column":69}}]},"1":{"loc":{"start":{"line":14,"column":20},"end":{"line":14,"column":96}},"type":"if","locations":[{"start":{"line":14,"column":20},"end":{"line":14,"column":96}}]},"2":{"loc":{"start":{"line":14,"column":24},"end":{"line":14,"column":53}},"type":"binary-expr","locations":[{"start":{"line":14,"column":24},"end":{"line":14,"column":29}},{"start":{"line":14,"column":33},"end":{"line":14,"column":53}}]},"3":{"loc":{"start":{"line":18,"column":20},"end":{"line":18,"column":72}},"type":"if","locations":[{"start":{"line":18,"column":20},"end":{"line":18,"column":72}}]}},"s":{"0":1,"1":1,"2":1,"3":1,"4":1,"5":5,"6":5,"7":5,"8":5,"9":1,"10":4,"11":4,"12":4,"13":4,"14":1,"15":3,"16":3,"17":1,"18":2,"19":2,"20":1,"21":1},"f":{"0":1,"1":5,"2":5,"3":4,"4":4},"b":{"0":[1],"1":[1],"2":[4,3],"3":[1]}}
,"/home/tiago/Documents/code/challenges/breweries/src/notFound/notFound.ts": {"path":"/home/tiago/Documents/code/challenges/breweries/src/notFound/notFound.ts","statementMap":{"0":{"start":{"line":4,"column":4},"end":{"line":4,"column":null}},"1":{"start":{"line":3,"column":0},"end":{"line":3,"column":25}}},"fnMap":{"0":{"name":"default_1","decl":{"start":{"line":3,"column":0},"end":{"line":3,"column":25}},"loc":{"start":{"line":3,"column":72},"end":{"line":5,"column":1}}}},"branchMap":{},"s":{"0":2,"1":1},"f":{"0":2},"b":{}}
}
