TN:
SF:src/app.ts
FNF:0
FNH:0
DA:1,1
DA:2,1
DA:3,1
DA:4,1
DA:5,1
DA:6,1
DA:7,1
DA:8,1
DA:10,1
DA:11,1
DA:13,1
DA:14,1
DA:15,1
DA:17,1
DA:18,1
DA:20,1
DA:21,1
DA:22,1
DA:24,1
LF:19
LH:19
BRF:0
BRH:0
end_of_record
TN:
SF:src/config.ts
FNF:0
FNH:0
DA:1,1
DA:2,1
DA:9,1
DA:16,1
DA:23,1
DA:36,1
LF:6
LH:6
BRDA:1,0,0,1
BRDA:1,0,1,0
BRDA:4,1,0,1
BRDA:4,1,1,0
BRDA:11,2,0,1
BRDA:11,2,1,0
BRDA:18,3,0,1
BRDA:18,3,1,0
BRF:8
BRH:4
end_of_record
TN:
SF:src/controllers/controllers.ts
FN:9,login
FN:15,(anonymous_10)
FN:24,breweries
FNF:3
FNH:3
FNDA:3,login
FNDA:1,(anonymous_10)
FNDA:2,breweries
DA:2,1
DA:3,1
DA:4,1
DA:5,1
DA:6,1
DA:7,1
DA:9,1
DA:10,3
DA:11,3
DA:12,3
DA:13,2
DA:14,2
DA:15,1
DA:16,1
DA:17,1
DA:20,2
DA:24,1
DA:25,2
DA:26,2
DA:27,2
DA:28,1
DA:30,2
DA:31,2
DA:33,0
LF:24
LH:23
BRDA:12,0,0,1
BRDA:14,1,0,1
BRDA:16,2,0,0
BRDA:27,3,0,1
BRF:4
BRH:3
end_of_record
TN:
SF:src/database/prisma.ts
FNF:0
FNH:0
DA:1,1
DA:2,1
LF:2
LH:2
BRF:0
BRH:0
end_of_record
TN:
SF:src/errors/ApiError.ts
FN:4,(anonymous_0)
FNF:1
FNH:1
FNDA:6,(anonymous_0)
DA:1,1
DA:5,6
DA:6,6
LF:3
LH:3
BRF:0
BRH:0
end_of_record
TN:
SF:src/errors/ApiErrorHandler.ts
FN:3,apiErrorHandler
FNF:1
FNH:1
FNDA:6,apiErrorHandler
DA:2,1
DA:3,1
DA:4,6
DA:5,6
DA:7,0
DA:8,0
LF:6
LH:4
BRDA:4,0,0,6
BRF:1
BRH:1
end_of_record
TN:
SF:src/middleware/dto.ts
FN:10,validateDto
FN:11,(anonymous_14)
FN:11,(anonymous_15)
FNF:3
FNH:3
FNDA:1,validateDto
FNDA:4,(anonymous_14)
FNDA:4,(anonymous_15)
DA:2,1
DA:3,1
DA:5,1
DA:10,1
DA:11,4
DA:12,4
DA:13,4
DA:14,3
DA:15,3
DA:17,1
LF:10
LH:10
BRF:0
BRH:0
end_of_record
TN:
SF:src/middleware/validateToken.ts
FN:7,validateToken
FN:8,(anonymous_9)
FN:8,(anonymous_10)
FN:12,(anonymous_11)
FN:12,(anonymous_12)
FNF:5
FNH:5
FNDA:1,validateToken
FNDA:5,(anonymous_9)
FNDA:5,(anonymous_10)
FNDA:4,(anonymous_11)
FNDA:4,(anonymous_12)
DA:2,1
DA:3,1
DA:4,1
DA:5,1
DA:7,1
DA:8,5
DA:9,5
DA:10,5
DA:11,5
DA:12,4
DA:13,4
DA:14,4
DA:15,3
DA:18,3
DA:19,2
DA:21,2
DA:25,1
LF:17
LH:17
BRDA:11,0,0,1
BRDA:14,1,0,1
BRDA:14,2,0,4
BRDA:14,2,1,3
BRDA:18,3,0,1
BRF:5
BRH:5
end_of_record
TN:
SF:src/notFound/notFound.ts
FN:3,default_1
FNF:1
FNH:1
FNDA:2,default_1
DA:3,1
DA:4,2
LF:2
LH:2
BRF:0
BRH:0
end_of_record
